2016-05-17 03:45:29.344 INFO  (main) [   ] o.e.j.u.log Logging initialized @233ms
2016-05-17 03:45:29.474 INFO  (main) [   ] o.e.j.s.Server jetty-9.3.8.v20160314
2016-05-17 03:45:29.491 INFO  (main) [   ] o.e.j.d.p.ScanningAppProvider Deployment monitor [file:///home/jorgeluis/Workspace/pathwayQuery/backend-solr/server/contexts/] at interval 0
2016-05-17 03:45:29.655 INFO  (main) [   ] o.e.j.w.StandardDescriptorProcessor NO JSP Support for /solr, did not find org.apache.jasper.servlet.JspServlet
2016-05-17 03:45:29.664 WARN  (main) [   ] o.e.j.s.SecurityHandler ServletContext@o.e.j.w.WebAppContext@5383967b{/solr,file:///home/jorgeluis/Workspace/pathwayQuery/backend-solr/server/solr-webapp/webapp/,STARTING}{/home/jorgeluis/Workspace/pathwayQuery/backend-solr/server/solr-webapp/webapp} has uncovered http methods for path: /
2016-05-17 03:45:29.670 INFO  (main) [   ] o.a.s.s.SolrDispatchFilter SolrDispatchFilter.init(): WebAppClassLoader=1465085305@57536d79
2016-05-17 03:45:29.682 INFO  (main) [   ] o.a.s.c.SolrResourceLoader JNDI not configured for solr (NoInitialContextEx)
2016-05-17 03:45:29.682 INFO  (main) [   ] o.a.s.c.SolrResourceLoader using system property solr.solr.home: /home/jorgeluis/Workspace/pathwayQuery/backend-solr/server/solr
2016-05-17 03:45:29.682 INFO  (main) [   ] o.a.s.c.SolrResourceLoader new SolrResourceLoader for directory: '/home/jorgeluis/Workspace/pathwayQuery/backend-solr/server/solr'
2016-05-17 03:45:29.682 INFO  (main) [   ] o.a.s.c.SolrResourceLoader JNDI not configured for solr (NoInitialContextEx)
2016-05-17 03:45:29.682 INFO  (main) [   ] o.a.s.c.SolrResourceLoader using system property solr.solr.home: /home/jorgeluis/Workspace/pathwayQuery/backend-solr/server/solr
2016-05-17 03:45:29.686 INFO  (main) [   ] o.a.s.c.SolrXmlConfig Loading container configuration from /home/jorgeluis/Workspace/pathwayQuery/backend-solr/server/solr/solr.xml
2016-05-17 03:45:29.741 INFO  (main) [   ] o.a.s.c.CorePropertiesLocator Config-defined core root directory: /home/jorgeluis/Workspace/pathwayQuery/backend-solr/server/solr
2016-05-17 03:45:29.763 INFO  (main) [   ] o.a.s.c.CoreContainer New CoreContainer 1658926803
2016-05-17 03:45:29.764 INFO  (main) [   ] o.a.s.c.CoreContainer Loading cores into CoreContainer [instanceDir=/home/jorgeluis/Workspace/pathwayQuery/backend-solr/server/solr]
2016-05-17 03:45:29.765 WARN  (main) [   ] o.a.s.c.CoreContainer Couldn't add files from /home/jorgeluis/Workspace/pathwayQuery/backend-solr/server/solr/lib to classpath: /home/jorgeluis/Workspace/pathwayQuery/backend-solr/server/solr/lib
2016-05-17 03:45:29.772 INFO  (main) [   ] o.a.s.h.c.HttpShardHandlerFactory created with socketTimeout : 600000,connTimeout : 60000,maxConnectionsPerHost : 20,maxConnections : 10000,corePoolSize : 0,maximumPoolSize : 2147483647,maxThreadIdleTime : 5,sizeOfQueue : -1,fairnessPolicy : false,useRetries : false,
2016-05-17 03:45:29.944 INFO  (main) [   ] o.a.s.u.UpdateShardHandler Creating UpdateShardHandler HTTP client with params: socketTimeout=600000&connTimeout=60000&retry=true
2016-05-17 03:45:29.946 INFO  (main) [   ] o.a.s.l.LogWatcher SLF4J impl is org.slf4j.impl.Log4jLoggerFactory
2016-05-17 03:45:29.947 INFO  (main) [   ] o.a.s.l.LogWatcher Registering Log Listener [Log4j (org.slf4j.impl.Log4jLoggerFactory)]
2016-05-17 03:45:29.948 INFO  (main) [   ] o.a.s.c.CoreContainer Security conf doesn't exist. Skipping setup for authorization module.
2016-05-17 03:45:29.948 INFO  (main) [   ] o.a.s.c.CoreContainer No authentication plugin used.
2016-05-17 03:45:29.975 INFO  (main) [   ] o.a.s.c.CorePropertiesLocator Looking for core definitions underneath /home/jorgeluis/Workspace/pathwayQuery/backend-solr/server/solr
2016-05-17 03:45:29.978 INFO  (main) [   ] o.a.s.c.CoreDescriptor Created CoreDescriptor: {name=pathwayRuns, config=solrconfig.xml, loadOnStartup=true, schema=schema.xml, configSetProperties=configsetprops.json, transient=false, dataDir=data/}
2016-05-17 03:45:29.979 INFO  (main) [   ] o.a.s.c.CorePropertiesLocator Found core pathwayRuns in /home/jorgeluis/Workspace/pathwayQuery/backend-solr/server/solr/pathwayRuns
2016-05-17 03:45:29.983 INFO  (main) [   ] o.a.s.c.CoreDescriptor Created CoreDescriptor: {name=ORFDocs, config=solrconfig.xml, loadOnStartup=true, schema=schema.xml, configSetProperties=configsetprops.json, transient=false, dataDir=data/}
2016-05-17 03:45:29.983 INFO  (main) [   ] o.a.s.c.CorePropertiesLocator Found core ORFDocs in /home/jorgeluis/Workspace/pathwayQuery/backend-solr/server/solr/ORFDocs
2016-05-17 03:45:29.983 INFO  (main) [   ] o.a.s.c.CorePropertiesLocator Found 2 core definitions
2016-05-17 03:45:29.987 INFO  (main) [   ] o.a.s.s.SolrDispatchFilter user.dir=/home/jorgeluis/Workspace/pathwayQuery/backend-solr/server
2016-05-17 03:45:29.987 INFO  (main) [   ] o.a.s.s.SolrDispatchFilter SolrDispatchFilter.init() done
2016-05-17 03:45:29.987 INFO  (coreLoadExecutor-6-thread-1) [   ] o.a.s.c.SolrResourceLoader new SolrResourceLoader for directory: '/home/jorgeluis/Workspace/pathwayQuery/backend-solr/server/solr/pathwayRuns'
2016-05-17 03:45:29.987 INFO  (coreLoadExecutor-6-thread-2) [   ] o.a.s.c.SolrResourceLoader new SolrResourceLoader for directory: '/home/jorgeluis/Workspace/pathwayQuery/backend-solr/server/solr/ORFDocs'
2016-05-17 03:45:29.987 INFO  (coreLoadExecutor-6-thread-1) [   ] o.a.s.c.SolrResourceLoader JNDI not configured for solr (NoInitialContextEx)
2016-05-17 03:45:29.987 INFO  (coreLoadExecutor-6-thread-2) [   ] o.a.s.c.SolrResourceLoader JNDI not configured for solr (NoInitialContextEx)
2016-05-17 03:45:29.987 INFO  (coreLoadExecutor-6-thread-1) [   ] o.a.s.c.SolrResourceLoader using system property solr.solr.home: /home/jorgeluis/Workspace/pathwayQuery/backend-solr/server/solr
2016-05-17 03:45:29.987 INFO  (coreLoadExecutor-6-thread-2) [   ] o.a.s.c.SolrResourceLoader using system property solr.solr.home: /home/jorgeluis/Workspace/pathwayQuery/backend-solr/server/solr
2016-05-17 03:45:29.997 INFO  (main) [   ] o.e.j.s.h.ContextHandler Started o.e.j.w.WebAppContext@5383967b{/solr,file:///home/jorgeluis/Workspace/pathwayQuery/backend-solr/server/solr-webapp/webapp/,AVAILABLE}{/home/jorgeluis/Workspace/pathwayQuery/backend-solr/server/solr-webapp/webapp}
2016-05-17 03:45:30.006 INFO  (main) [   ] o.e.j.s.ServerConnector Started ServerConnector@5aa9e4eb{HTTP/1.1,[http/1.1]}{0.0.0.0:8983}
2016-05-17 03:45:30.007 INFO  (main) [   ] o.e.j.s.Server Started @897ms
2016-05-17 03:45:30.052 INFO  (coreLoadExecutor-6-thread-2) [   ] o.a.s.c.SolrConfig current version of requestparams : 0
2016-05-17 03:45:30.052 INFO  (coreLoadExecutor-6-thread-1) [   ] o.a.s.c.SolrConfig current version of requestparams : 0
2016-05-17 03:45:30.054 INFO  (coreLoadExecutor-6-thread-1) [   ] o.a.s.c.SolrConfig Adding specified lib dirs to ClassLoader
2016-05-17 03:45:30.054 INFO  (coreLoadExecutor-6-thread-2) [   ] o.a.s.c.SolrConfig Adding specified lib dirs to ClassLoader
2016-05-17 03:45:30.055 WARN  (coreLoadExecutor-6-thread-2) [   ] o.a.s.c.SolrConfig Couldn't add files from /home/jorgeluis/Workspace/pathwayQuery/backend-solr/contrib/extraction/lib filtered by .*\.jar to classpath: /home/jorgeluis/Workspace/pathwayQuery/backend-solr/contrib/extraction/lib
2016-05-17 03:45:30.055 WARN  (coreLoadExecutor-6-thread-1) [   ] o.a.s.c.SolrConfig Couldn't add files from /home/jorgeluis/Workspace/pathwayQuery/backend-solr/contrib/extraction/lib filtered by .*\.jar to classpath: /home/jorgeluis/Workspace/pathwayQuery/backend-solr/contrib/extraction/lib
2016-05-17 03:45:30.055 WARN  (coreLoadExecutor-6-thread-2) [   ] o.a.s.c.SolrConfig Couldn't add files from /home/jorgeluis/Workspace/pathwayQuery/backend-solr/dist filtered by solr-cell-\d.*\.jar to classpath: /home/jorgeluis/Workspace/pathwayQuery/backend-solr/dist
2016-05-17 03:45:30.055 WARN  (coreLoadExecutor-6-thread-1) [   ] o.a.s.c.SolrConfig Couldn't add files from /home/jorgeluis/Workspace/pathwayQuery/backend-solr/dist filtered by solr-cell-\d.*\.jar to classpath: /home/jorgeluis/Workspace/pathwayQuery/backend-solr/dist
2016-05-17 03:45:30.056 WARN  (coreLoadExecutor-6-thread-2) [   ] o.a.s.c.SolrConfig Couldn't add files from /home/jorgeluis/Workspace/pathwayQuery/backend-solr/contrib/clustering/lib filtered by .*\.jar to classpath: /home/jorgeluis/Workspace/pathwayQuery/backend-solr/contrib/clustering/lib
2016-05-17 03:45:30.056 WARN  (coreLoadExecutor-6-thread-1) [   ] o.a.s.c.SolrConfig Couldn't add files from /home/jorgeluis/Workspace/pathwayQuery/backend-solr/contrib/clustering/lib filtered by .*\.jar to classpath: /home/jorgeluis/Workspace/pathwayQuery/backend-solr/contrib/clustering/lib
2016-05-17 03:45:30.056 WARN  (coreLoadExecutor-6-thread-2) [   ] o.a.s.c.SolrConfig Couldn't add files from /home/jorgeluis/Workspace/pathwayQuery/backend-solr/dist filtered by solr-clustering-\d.*\.jar to classpath: /home/jorgeluis/Workspace/pathwayQuery/backend-solr/dist
2016-05-17 03:45:30.056 WARN  (coreLoadExecutor-6-thread-1) [   ] o.a.s.c.SolrConfig Couldn't add files from /home/jorgeluis/Workspace/pathwayQuery/backend-solr/dist filtered by solr-clustering-\d.*\.jar to classpath: /home/jorgeluis/Workspace/pathwayQuery/backend-solr/dist
2016-05-17 03:45:30.056 WARN  (coreLoadExecutor-6-thread-2) [   ] o.a.s.c.SolrConfig Couldn't add files from /home/jorgeluis/Workspace/pathwayQuery/backend-solr/contrib/langid/lib filtered by .*\.jar to classpath: /home/jorgeluis/Workspace/pathwayQuery/backend-solr/contrib/langid/lib
2016-05-17 03:45:30.056 WARN  (coreLoadExecutor-6-thread-1) [   ] o.a.s.c.SolrConfig Couldn't add files from /home/jorgeluis/Workspace/pathwayQuery/backend-solr/contrib/langid/lib filtered by .*\.jar to classpath: /home/jorgeluis/Workspace/pathwayQuery/backend-solr/contrib/langid/lib
2016-05-17 03:45:30.056 WARN  (coreLoadExecutor-6-thread-2) [   ] o.a.s.c.SolrConfig Couldn't add files from /home/jorgeluis/Workspace/pathwayQuery/backend-solr/dist filtered by solr-langid-\d.*\.jar to classpath: /home/jorgeluis/Workspace/pathwayQuery/backend-solr/dist
2016-05-17 03:45:30.056 WARN  (coreLoadExecutor-6-thread-1) [   ] o.a.s.c.SolrConfig Couldn't add files from /home/jorgeluis/Workspace/pathwayQuery/backend-solr/dist filtered by solr-langid-\d.*\.jar to classpath: /home/jorgeluis/Workspace/pathwayQuery/backend-solr/dist
2016-05-17 03:45:30.056 WARN  (coreLoadExecutor-6-thread-2) [   ] o.a.s.c.SolrConfig Couldn't add files from /home/jorgeluis/Workspace/pathwayQuery/backend-solr/contrib/velocity/lib filtered by .*\.jar to classpath: /home/jorgeluis/Workspace/pathwayQuery/backend-solr/contrib/velocity/lib
2016-05-17 03:45:30.056 WARN  (coreLoadExecutor-6-thread-1) [   ] o.a.s.c.SolrConfig Couldn't add files from /home/jorgeluis/Workspace/pathwayQuery/backend-solr/contrib/velocity/lib filtered by .*\.jar to classpath: /home/jorgeluis/Workspace/pathwayQuery/backend-solr/contrib/velocity/lib
2016-05-17 03:45:30.056 WARN  (coreLoadExecutor-6-thread-2) [   ] o.a.s.c.SolrConfig Couldn't add files from /home/jorgeluis/Workspace/pathwayQuery/backend-solr/dist filtered by solr-velocity-\d.*\.jar to classpath: /home/jorgeluis/Workspace/pathwayQuery/backend-solr/dist
2016-05-17 03:45:30.056 WARN  (coreLoadExecutor-6-thread-1) [   ] o.a.s.c.SolrConfig Couldn't add files from /home/jorgeluis/Workspace/pathwayQuery/backend-solr/dist filtered by solr-velocity-\d.*\.jar to classpath: /home/jorgeluis/Workspace/pathwayQuery/backend-solr/dist
2016-05-17 03:45:30.094 INFO  (coreLoadExecutor-6-thread-2) [   ] o.a.s.c.SolrConfig Using Lucene MatchVersion: 6.0.0
2016-05-17 03:45:30.097 INFO  (coreLoadExecutor-6-thread-1) [   ] o.a.s.c.SolrConfig Using Lucene MatchVersion: 6.0.0
2016-05-17 03:45:30.213 INFO  (coreLoadExecutor-6-thread-1) [   ] o.a.s.c.SolrConfig Loaded SolrConfig: solrconfig.xml
2016-05-17 03:45:30.213 INFO  (coreLoadExecutor-6-thread-2) [   ] o.a.s.c.SolrConfig Loaded SolrConfig: solrconfig.xml
2016-05-17 03:45:30.271 INFO  (coreLoadExecutor-6-thread-2) [   ] o.a.s.s.IndexSchema [ORFDocs] Schema name=example-data-driven-schema
2016-05-17 03:45:30.271 INFO  (coreLoadExecutor-6-thread-1) [   ] o.a.s.s.IndexSchema [pathwayRuns] Schema name=example-data-driven-schema
2016-05-17 03:45:30.718 INFO  (coreLoadExecutor-6-thread-2) [   ] o.a.s.s.IndexSchema unique key field: id
2016-05-17 03:45:30.719 INFO  (coreLoadExecutor-6-thread-1) [   ] o.a.s.s.IndexSchema unique key field: id
2016-05-17 03:45:30.853 INFO  (coreLoadExecutor-6-thread-2) [   ] o.a.s.s.FileExchangeRateProvider Reloading exchange rates from file currency.xml
2016-05-17 03:45:30.857 INFO  (coreLoadExecutor-6-thread-1) [   ] o.a.s.s.FileExchangeRateProvider Reloading exchange rates from file currency.xml
2016-05-17 03:45:30.859 INFO  (coreLoadExecutor-6-thread-2) [   ] o.a.s.s.FileExchangeRateProvider Reloading exchange rates from file currency.xml
2016-05-17 03:45:30.860 INFO  (coreLoadExecutor-6-thread-1) [   ] o.a.s.s.FileExchangeRateProvider Reloading exchange rates from file currency.xml
2016-05-17 03:45:30.884 INFO  (coreLoadExecutor-6-thread-2) [   ] o.a.s.c.ConfigSetProperties Did not find ConfigSet properties, assuming default properties: Can't find resource 'configsetprops.json' in classpath or '/home/jorgeluis/Workspace/pathwayQuery/backend-solr/server/solr/ORFDocs'
2016-05-17 03:45:30.885 INFO  (coreLoadExecutor-6-thread-2) [   ] o.a.s.c.CoreContainer Creating SolrCore 'ORFDocs' using configuration from instancedir /home/jorgeluis/Workspace/pathwayQuery/backend-solr/server/solr/ORFDocs
2016-05-17 03:45:30.886 INFO  (coreLoadExecutor-6-thread-1) [   ] o.a.s.c.ConfigSetProperties Did not find ConfigSet properties, assuming default properties: Can't find resource 'configsetprops.json' in classpath or '/home/jorgeluis/Workspace/pathwayQuery/backend-solr/server/solr/pathwayRuns'
2016-05-17 03:45:30.886 INFO  (coreLoadExecutor-6-thread-1) [   ] o.a.s.c.CoreContainer Creating SolrCore 'pathwayRuns' using configuration from instancedir /home/jorgeluis/Workspace/pathwayQuery/backend-solr/server/solr/pathwayRuns
2016-05-17 03:45:30.900 INFO  (coreLoadExecutor-6-thread-2) [   x:ORFDocs] o.a.s.c.SolrCore solr.NRTCachingDirectoryFactory
2016-05-17 03:45:30.901 INFO  (coreLoadExecutor-6-thread-1) [   x:pathwayRuns] o.a.s.c.SolrCore solr.NRTCachingDirectoryFactory
2016-05-17 03:45:30.917 INFO  (coreLoadExecutor-6-thread-1) [   x:pathwayRuns] o.a.s.c.SolrCore [[pathwayRuns] ] Opening new SolrCore at [/home/jorgeluis/Workspace/pathwayQuery/backend-solr/server/solr/pathwayRuns], dataDir=[/home/jorgeluis/Workspace/pathwayQuery/backend-solr/server/solr/pathwayRuns/data/]
2016-05-17 03:45:30.917 INFO  (coreLoadExecutor-6-thread-2) [   x:ORFDocs] o.a.s.c.SolrCore [[ORFDocs] ] Opening new SolrCore at [/home/jorgeluis/Workspace/pathwayQuery/backend-solr/server/solr/ORFDocs], dataDir=[/home/jorgeluis/Workspace/pathwayQuery/backend-solr/server/solr/ORFDocs/data/]
2016-05-17 03:45:30.919 INFO  (coreLoadExecutor-6-thread-1) [   x:pathwayRuns] o.a.s.c.JmxMonitoredMap No JMX servers found, not exposing Solr information with JMX.
2016-05-17 03:45:30.922 INFO  (coreLoadExecutor-6-thread-2) [   x:ORFDocs] o.a.s.c.JmxMonitoredMap No JMX servers found, not exposing Solr information with JMX.
2016-05-17 03:45:30.925 INFO  (coreLoadExecutor-6-thread-2) [   x:ORFDocs] o.a.s.c.SolrCore [[ORFDocs] ] Added SolrEventListener for newSearcher: [org.apache.solr.core.QuerySenderListener{queries=[]}]
2016-05-17 03:45:30.925 INFO  (coreLoadExecutor-6-thread-1) [   x:pathwayRuns] o.a.s.c.SolrCore [[pathwayRuns] ] Added SolrEventListener for newSearcher: [org.apache.solr.core.QuerySenderListener{queries=[]}]
2016-05-17 03:45:30.926 INFO  (coreLoadExecutor-6-thread-2) [   x:ORFDocs] o.a.s.c.SolrCore [[ORFDocs] ] Added SolrEventListener for firstSearcher: [org.apache.solr.core.QuerySenderListener{queries=[]}]
2016-05-17 03:45:30.926 INFO  (coreLoadExecutor-6-thread-1) [   x:pathwayRuns] o.a.s.c.SolrCore [[pathwayRuns] ] Added SolrEventListener for firstSearcher: [org.apache.solr.core.QuerySenderListener{queries=[]}]
2016-05-17 03:45:30.930 INFO  (coreLoadExecutor-6-thread-1) [   x:pathwayRuns] o.a.s.c.SchemaCodecFactory Using default compressionMode: BEST_SPEED
2016-05-17 03:45:30.930 INFO  (coreLoadExecutor-6-thread-2) [   x:ORFDocs] o.a.s.c.SchemaCodecFactory Using default compressionMode: BEST_SPEED
2016-05-17 03:45:30.978 INFO  (coreLoadExecutor-6-thread-1) [   x:pathwayRuns] o.a.s.c.CachingDirectoryFactory return new directory for /home/jorgeluis/Workspace/pathwayQuery/backend-solr/server/solr/pathwayRuns/data
2016-05-17 03:45:30.978 INFO  (coreLoadExecutor-6-thread-2) [   x:ORFDocs] o.a.s.c.CachingDirectoryFactory return new directory for /home/jorgeluis/Workspace/pathwayQuery/backend-solr/server/solr/ORFDocs/data
2016-05-17 03:45:30.980 INFO  (coreLoadExecutor-6-thread-2) [   x:ORFDocs] o.a.s.c.SolrCore New index directory detected: old=null new=/home/jorgeluis/Workspace/pathwayQuery/backend-solr/server/solr/ORFDocs/data/index/
2016-05-17 03:45:30.980 INFO  (coreLoadExecutor-6-thread-1) [   x:pathwayRuns] o.a.s.c.SolrCore New index directory detected: old=null new=/home/jorgeluis/Workspace/pathwayQuery/backend-solr/server/solr/pathwayRuns/data/index/
2016-05-17 03:45:30.981 INFO  (coreLoadExecutor-6-thread-1) [   x:pathwayRuns] o.a.s.c.CachingDirectoryFactory return new directory for /home/jorgeluis/Workspace/pathwayQuery/backend-solr/server/solr/pathwayRuns/data/index
2016-05-17 03:45:30.981 INFO  (coreLoadExecutor-6-thread-2) [   x:ORFDocs] o.a.s.c.CachingDirectoryFactory return new directory for /home/jorgeluis/Workspace/pathwayQuery/backend-solr/server/solr/ORFDocs/data/index
2016-05-17 03:45:30.991 INFO  (OldIndexDirectoryCleanupThreadForCore-ORFDocs) [   x:ORFDocs] o.a.s.c.SolrCore Looking for old index directories to cleanup for core ORFDocs in /home/jorgeluis/Workspace/pathwayQuery/backend-solr/server/solr/ORFDocs/data/
2016-05-17 03:45:30.991 INFO  (OldIndexDirectoryCleanupThreadForCore-pathwayRuns) [   x:pathwayRuns] o.a.s.c.SolrCore Looking for old index directories to cleanup for core pathwayRuns in /home/jorgeluis/Workspace/pathwayQuery/backend-solr/server/solr/pathwayRuns/data/
2016-05-17 03:45:30.992 INFO  (coreLoadExecutor-6-thread-2) [   x:ORFDocs] o.a.s.c.PluginBag queryResponseWriter : 'velocity' created with startup=lazy 
2016-05-17 03:45:30.992 INFO  (coreLoadExecutor-6-thread-1) [   x:pathwayRuns] o.a.s.c.PluginBag queryResponseWriter : 'velocity' created with startup=lazy 
2016-05-17 03:45:30.994 INFO  (coreLoadExecutor-6-thread-2) [   x:ORFDocs] o.a.s.r.XSLTResponseWriter xsltCacheLifetimeSeconds=5
2016-05-17 03:45:30.994 INFO  (coreLoadExecutor-6-thread-1) [   x:pathwayRuns] o.a.s.r.XSLTResponseWriter xsltCacheLifetimeSeconds=5
2016-05-17 03:45:31.068 INFO  (coreLoadExecutor-6-thread-1) [   x:pathwayRuns] o.a.s.u.p.UpdateRequestProcessorChain creating updateRequestProcessorChain "add-unknown-fields-to-the-schema"
2016-05-17 03:45:31.068 INFO  (coreLoadExecutor-6-thread-2) [   x:ORFDocs] o.a.s.u.p.UpdateRequestProcessorChain creating updateRequestProcessorChain "add-unknown-fields-to-the-schema"
2016-05-17 03:45:31.123 INFO  (coreLoadExecutor-6-thread-2) [   x:ORFDocs] o.a.s.c.SolrCore no updateRequestProcessorChain defined as default, creating implicit default
2016-05-17 03:45:31.123 INFO  (coreLoadExecutor-6-thread-1) [   x:pathwayRuns] o.a.s.c.SolrCore no updateRequestProcessorChain defined as default, creating implicit default
2016-05-17 03:45:31.190 INFO  (coreLoadExecutor-6-thread-2) [   x:ORFDocs] o.a.s.h.l.XMLLoader xsltCacheLifetimeSeconds=60
2016-05-17 03:45:31.193 INFO  (coreLoadExecutor-6-thread-2) [   x:ORFDocs] o.a.s.h.l.XMLLoader xsltCacheLifetimeSeconds=60
2016-05-17 03:45:31.195 INFO  (coreLoadExecutor-6-thread-2) [   x:ORFDocs] o.a.s.h.l.XMLLoader xsltCacheLifetimeSeconds=60
2016-05-17 03:45:31.190 INFO  (coreLoadExecutor-6-thread-1) [   x:pathwayRuns] o.a.s.h.l.XMLLoader xsltCacheLifetimeSeconds=60
2016-05-17 03:45:31.198 INFO  (coreLoadExecutor-6-thread-1) [   x:pathwayRuns] o.a.s.h.l.XMLLoader xsltCacheLifetimeSeconds=60
2016-05-17 03:45:31.200 INFO  (coreLoadExecutor-6-thread-1) [   x:pathwayRuns] o.a.s.h.l.XMLLoader xsltCacheLifetimeSeconds=60
2016-05-17 03:45:31.201 INFO  (coreLoadExecutor-6-thread-1) [   x:pathwayRuns] o.a.s.h.l.XMLLoader xsltCacheLifetimeSeconds=60
2016-05-17 03:45:31.202 INFO  (coreLoadExecutor-6-thread-2) [   x:ORFDocs] o.a.s.h.l.XMLLoader xsltCacheLifetimeSeconds=60
2016-05-17 03:45:31.263 INFO  (coreLoadExecutor-6-thread-2) [   x:ORFDocs] o.a.s.c.PluginBag requestHandler : '/update/extract' created with startup=lazy 
2016-05-17 03:45:31.263 INFO  (coreLoadExecutor-6-thread-1) [   x:pathwayRuns] o.a.s.c.PluginBag requestHandler : '/update/extract' created with startup=lazy 
2016-05-17 03:45:31.264 INFO  (coreLoadExecutor-6-thread-2) [   x:ORFDocs] o.a.s.c.PluginBag requestHandler : '/analysis/field' created with startup=lazy 
2016-05-17 03:45:31.264 INFO  (coreLoadExecutor-6-thread-1) [   x:pathwayRuns] o.a.s.c.PluginBag requestHandler : '/analysis/field' created with startup=lazy 
2016-05-17 03:45:31.264 INFO  (coreLoadExecutor-6-thread-2) [   x:ORFDocs] o.a.s.c.PluginBag requestHandler : '/analysis/document' created with startup=lazy 
2016-05-17 03:45:31.264 INFO  (coreLoadExecutor-6-thread-1) [   x:pathwayRuns] o.a.s.c.PluginBag requestHandler : '/analysis/document' created with startup=lazy 
2016-05-17 03:45:31.266 INFO  (coreLoadExecutor-6-thread-2) [   x:ORFDocs] o.a.s.c.PluginBag requestHandler : '/spell' created with startup=lazy 
2016-05-17 03:45:31.266 INFO  (coreLoadExecutor-6-thread-1) [   x:pathwayRuns] o.a.s.c.PluginBag requestHandler : '/spell' created with startup=lazy 
2016-05-17 03:45:31.266 INFO  (coreLoadExecutor-6-thread-2) [   x:ORFDocs] o.a.s.c.PluginBag requestHandler : '/tvrh' created with startup=lazy 
2016-05-17 03:45:31.266 INFO  (coreLoadExecutor-6-thread-1) [   x:pathwayRuns] o.a.s.c.PluginBag requestHandler : '/tvrh' created with startup=lazy 
2016-05-17 03:45:31.266 INFO  (coreLoadExecutor-6-thread-2) [   x:ORFDocs] o.a.s.c.PluginBag requestHandler : '/terms' created with startup=lazy 
2016-05-17 03:45:31.266 INFO  (coreLoadExecutor-6-thread-1) [   x:pathwayRuns] o.a.s.c.PluginBag requestHandler : '/terms' created with startup=lazy 
2016-05-17 03:45:31.266 INFO  (coreLoadExecutor-6-thread-2) [   x:ORFDocs] o.a.s.c.PluginBag requestHandler : '/elevate' created with startup=lazy 
2016-05-17 03:45:31.266 INFO  (coreLoadExecutor-6-thread-1) [   x:pathwayRuns] o.a.s.c.PluginBag requestHandler : '/elevate' created with startup=lazy 
2016-05-17 03:45:31.267 INFO  (coreLoadExecutor-6-thread-2) [   x:ORFDocs] o.a.s.c.RequestHandlers Registered paths: /admin/mbeans,/browse,/update/json/docs,/admin/luke,/export,/get,/admin/properties,/elevate,/update/json,/admin/threads,/query,/analysis/field,/analysis/document,/spell,/update/csv,/sql,/tvrh,/select,/admin/segments,/admin/system,/replication,/config,/stream,/schema,/admin/plugins,/admin/logging,/admin/ping,/update,/admin/file,/debug/dump,/terms,/update/extract
2016-05-17 03:45:31.267 INFO  (coreLoadExecutor-6-thread-1) [   x:pathwayRuns] o.a.s.c.RequestHandlers Registered paths: /admin/mbeans,/browse,/update/json/docs,/admin/luke,/export,/get,/admin/properties,/elevate,/update/json,/admin/threads,/query,/analysis/field,/analysis/document,/spell,/update/csv,/sql,/tvrh,/select,/admin/segments,/admin/system,/replication,/config,/stream,/schema,/admin/plugins,/admin/logging,/admin/ping,/update,/admin/file,/debug/dump,/terms,/update/extract
2016-05-17 03:45:31.267 INFO  (coreLoadExecutor-6-thread-1) [   x:pathwayRuns] o.a.s.c.SolrCore Using default statsCache cache: org.apache.solr.search.stats.LocalStatsCache
2016-05-17 03:45:31.267 INFO  (coreLoadExecutor-6-thread-2) [   x:ORFDocs] o.a.s.c.SolrCore Using default statsCache cache: org.apache.solr.search.stats.LocalStatsCache
2016-05-17 03:45:31.277 INFO  (coreLoadExecutor-6-thread-1) [   x:pathwayRuns] o.a.s.u.UpdateHandler Using UpdateLog implementation: org.apache.solr.update.UpdateLog
2016-05-17 03:45:31.277 INFO  (coreLoadExecutor-6-thread-2) [   x:ORFDocs] o.a.s.u.UpdateHandler Using UpdateLog implementation: org.apache.solr.update.UpdateLog
2016-05-17 03:45:31.277 INFO  (coreLoadExecutor-6-thread-1) [   x:pathwayRuns] o.a.s.u.UpdateLog Initializing UpdateLog: dataDir= defaultSyncLevel=FLUSH numRecordsToKeep=100 maxNumLogsToKeep=10 numVersionBuckets=65536
2016-05-17 03:45:31.277 INFO  (coreLoadExecutor-6-thread-2) [   x:ORFDocs] o.a.s.u.UpdateLog Initializing UpdateLog: dataDir= defaultSyncLevel=FLUSH numRecordsToKeep=100 maxNumLogsToKeep=10 numVersionBuckets=65536
2016-05-17 03:45:31.286 INFO  (coreLoadExecutor-6-thread-2) [   x:ORFDocs] o.a.s.u.CommitTracker Hard AutoCommit: if uncommited for 15000ms; 
2016-05-17 03:45:31.286 INFO  (coreLoadExecutor-6-thread-1) [   x:pathwayRuns] o.a.s.u.CommitTracker Hard AutoCommit: if uncommited for 15000ms; 
2016-05-17 03:45:31.286 INFO  (coreLoadExecutor-6-thread-2) [   x:ORFDocs] o.a.s.u.CommitTracker Soft AutoCommit: disabled
2016-05-17 03:45:31.286 INFO  (coreLoadExecutor-6-thread-1) [   x:pathwayRuns] o.a.s.u.CommitTracker Soft AutoCommit: disabled
2016-05-17 03:45:31.330 INFO  (coreLoadExecutor-6-thread-2) [   x:ORFDocs] o.a.s.c.SolrDeletionPolicy SolrDeletionPolicy.onInit: commits: num=1
	commit{dir=NRTCachingDirectory(MMapDirectory@/home/jorgeluis/Workspace/pathwayQuery/backend-solr/server/solr/ORFDocs/data/index lockFactory=org.apache.lucene.store.NativeFSLockFactory@3daacf8b; maxCacheMB=48.0 maxMergeSizeMB=4.0),segFN=segments_1,generation=1}
2016-05-17 03:45:31.330 INFO  (coreLoadExecutor-6-thread-1) [   x:pathwayRuns] o.a.s.c.SolrDeletionPolicy SolrDeletionPolicy.onInit: commits: num=1
	commit{dir=NRTCachingDirectory(MMapDirectory@/home/jorgeluis/Workspace/pathwayQuery/backend-solr/server/solr/pathwayRuns/data/index lockFactory=org.apache.lucene.store.NativeFSLockFactory@3daacf8b; maxCacheMB=48.0 maxMergeSizeMB=4.0),segFN=segments_1,generation=1}
2016-05-17 03:45:31.330 INFO  (coreLoadExecutor-6-thread-1) [   x:pathwayRuns] o.a.s.c.SolrDeletionPolicy newest commit generation = 1
2016-05-17 03:45:31.330 INFO  (coreLoadExecutor-6-thread-2) [   x:ORFDocs] o.a.s.c.SolrDeletionPolicy newest commit generation = 1
2016-05-17 03:45:31.341 INFO  (coreLoadExecutor-6-thread-2) [   x:ORFDocs] o.a.s.s.SolrIndexSearcher Opening [Searcher@7577a614[ORFDocs] main]
2016-05-17 03:45:31.341 INFO  (coreLoadExecutor-6-thread-1) [   x:pathwayRuns] o.a.s.s.SolrIndexSearcher Opening [Searcher@4a776ea0[pathwayRuns] main]
2016-05-17 03:45:31.349 INFO  (coreLoadExecutor-6-thread-1) [   x:pathwayRuns] o.a.s.r.ManagedResourceStorage File-based storage initialized to use dir: /home/jorgeluis/Workspace/pathwayQuery/backend-solr/server/solr/pathwayRuns/conf
2016-05-17 03:45:31.349 INFO  (coreLoadExecutor-6-thread-2) [   x:ORFDocs] o.a.s.r.ManagedResourceStorage File-based storage initialized to use dir: /home/jorgeluis/Workspace/pathwayQuery/backend-solr/server/solr/ORFDocs/conf
2016-05-17 03:45:31.349 INFO  (coreLoadExecutor-6-thread-1) [   x:pathwayRuns] o.a.s.r.RestManager Initializing RestManager with initArgs: {storageDir=/home/jorgeluis/Workspace/pathwayQuery/backend-solr/server/solr/pathwayRuns/conf}
2016-05-17 03:45:31.349 INFO  (coreLoadExecutor-6-thread-2) [   x:ORFDocs] o.a.s.r.RestManager Initializing RestManager with initArgs: {storageDir=/home/jorgeluis/Workspace/pathwayQuery/backend-solr/server/solr/ORFDocs/conf}
2016-05-17 03:45:31.356 INFO  (coreLoadExecutor-6-thread-1) [   x:pathwayRuns] o.a.s.r.ManagedResourceStorage Reading _rest_managed.json using file:dir=/home/jorgeluis/Workspace/pathwayQuery/backend-solr/server/solr/pathwayRuns/conf
2016-05-17 03:45:31.356 INFO  (coreLoadExecutor-6-thread-2) [   x:ORFDocs] o.a.s.r.ManagedResourceStorage Reading _rest_managed.json using file:dir=/home/jorgeluis/Workspace/pathwayQuery/backend-solr/server/solr/ORFDocs/conf
2016-05-17 03:45:31.356 INFO  (coreLoadExecutor-6-thread-2) [   x:ORFDocs] o.a.s.r.RestManager Initializing 0 registered ManagedResources
2016-05-17 03:45:31.356 INFO  (coreLoadExecutor-6-thread-1) [   x:pathwayRuns] o.a.s.r.RestManager Initializing 0 registered ManagedResources
2016-05-17 03:45:31.361 INFO  (coreLoadExecutor-6-thread-2) [   x:ORFDocs] o.a.s.h.c.SpellCheckComponent Initializing spell checkers
2016-05-17 03:45:31.361 INFO  (coreLoadExecutor-6-thread-1) [   x:pathwayRuns] o.a.s.h.c.SpellCheckComponent Initializing spell checkers
2016-05-17 03:45:31.365 INFO  (coreLoadExecutor-6-thread-2) [   x:ORFDocs] o.a.s.s.DirectSolrSpellChecker init: {name=default,field=_text_,classname=solr.DirectSolrSpellChecker,distanceMeasure=internal,accuracy=0.5,maxEdits=2,minPrefix=1,maxInspections=5,minQueryLength=4,maxQueryFrequency=0.01}
2016-05-17 03:45:31.365 INFO  (coreLoadExecutor-6-thread-1) [   x:pathwayRuns] o.a.s.s.DirectSolrSpellChecker init: {name=default,field=_text_,classname=solr.DirectSolrSpellChecker,distanceMeasure=internal,accuracy=0.5,maxEdits=2,minPrefix=1,maxInspections=5,minQueryLength=4,maxQueryFrequency=0.01}
2016-05-17 03:45:31.366 INFO  (coreLoadExecutor-6-thread-2) [   x:ORFDocs] o.a.s.h.c.SpellCheckComponent No queryConverter defined, using default converter
2016-05-17 03:45:31.366 INFO  (coreLoadExecutor-6-thread-1) [   x:pathwayRuns] o.a.s.h.c.SpellCheckComponent No queryConverter defined, using default converter
2016-05-17 03:45:31.368 INFO  (coreLoadExecutor-6-thread-2) [   x:ORFDocs] o.a.s.h.c.QueryElevationComponent Loading QueryElevation from: /home/jorgeluis/Workspace/pathwayQuery/backend-solr/server/solr/ORFDocs/conf/elevate.xml
2016-05-17 03:45:31.368 INFO  (coreLoadExecutor-6-thread-1) [   x:pathwayRuns] o.a.s.h.c.QueryElevationComponent Loading QueryElevation from: /home/jorgeluis/Workspace/pathwayQuery/backend-solr/server/solr/pathwayRuns/conf/elevate.xml
2016-05-17 03:45:31.387 INFO  (coreLoadExecutor-6-thread-1) [   x:pathwayRuns] o.a.s.h.ReplicationHandler Commits will be reserved for  10000
2016-05-17 03:45:31.387 INFO  (coreLoadExecutor-6-thread-2) [   x:ORFDocs] o.a.s.h.ReplicationHandler Commits will be reserved for  10000
2016-05-17 03:45:31.395 INFO  (searcherExecutor-7-thread-1-processing-x:ORFDocs) [   x:ORFDocs] o.a.s.c.QuerySenderListener QuerySenderListener sending requests to Searcher@7577a614[ORFDocs] main{ExitableDirectoryReader(UninvertingDirectoryReader())}
2016-05-17 03:45:31.395 INFO  (searcherExecutor-8-thread-1-processing-x:pathwayRuns) [   x:pathwayRuns] o.a.s.c.QuerySenderListener QuerySenderListener sending requests to Searcher@4a776ea0[pathwayRuns] main{ExitableDirectoryReader(UninvertingDirectoryReader())}
2016-05-17 03:45:31.395 INFO  (searcherExecutor-7-thread-1-processing-x:ORFDocs) [   x:ORFDocs] o.a.s.c.QuerySenderListener QuerySenderListener done.
2016-05-17 03:45:31.395 INFO  (searcherExecutor-8-thread-1-processing-x:pathwayRuns) [   x:pathwayRuns] o.a.s.c.QuerySenderListener QuerySenderListener done.
2016-05-17 03:45:31.395 INFO  (searcherExecutor-7-thread-1-processing-x:ORFDocs) [   x:ORFDocs] o.a.s.h.c.SpellCheckComponent Loading spell index for spellchecker: default
2016-05-17 03:45:31.395 INFO  (searcherExecutor-8-thread-1-processing-x:pathwayRuns) [   x:pathwayRuns] o.a.s.h.c.SpellCheckComponent Loading spell index for spellchecker: default
2016-05-17 03:45:31.395 INFO  (searcherExecutor-7-thread-1-processing-x:ORFDocs) [   x:ORFDocs] o.a.s.c.SolrCore [ORFDocs] Registered new searcher Searcher@7577a614[ORFDocs] main{ExitableDirectoryReader(UninvertingDirectoryReader())}
2016-05-17 03:45:31.395 INFO  (searcherExecutor-8-thread-1-processing-x:pathwayRuns) [   x:pathwayRuns] o.a.s.c.SolrCore [pathwayRuns] Registered new searcher Searcher@4a776ea0[pathwayRuns] main{ExitableDirectoryReader(UninvertingDirectoryReader())}
2016-05-17 03:45:31.395 INFO  (coreLoadExecutor-6-thread-2) [   x:ORFDocs] o.a.s.u.UpdateLog Looking up max value of version field to seed version buckets
2016-05-17 03:45:31.395 INFO  (coreLoadExecutor-6-thread-1) [   x:pathwayRuns] o.a.s.u.UpdateLog Looking up max value of version field to seed version buckets
2016-05-17 03:45:31.396 INFO  (coreLoadExecutor-6-thread-1) [   x:pathwayRuns] o.a.s.u.VersionInfo Refreshing highest value of _version_ for 65536 version buckets from index
2016-05-17 03:45:31.396 INFO  (coreLoadExecutor-6-thread-2) [   x:ORFDocs] o.a.s.u.VersionInfo Refreshing highest value of _version_ for 65536 version buckets from index
2016-05-17 03:45:31.396 INFO  (coreLoadExecutor-6-thread-2) [   x:ORFDocs] o.a.s.u.VersionInfo No terms found for _version_, cannot seed version bucket highest value from index
2016-05-17 03:45:31.396 INFO  (coreLoadExecutor-6-thread-1) [   x:pathwayRuns] o.a.s.u.VersionInfo No terms found for _version_, cannot seed version bucket highest value from index
2016-05-17 03:45:31.396 INFO  (coreLoadExecutor-6-thread-2) [   x:ORFDocs] o.a.s.u.UpdateLog Could not find max version in index or recent updates, using new clock 1534545605580292096
2016-05-17 03:45:31.396 INFO  (coreLoadExecutor-6-thread-1) [   x:pathwayRuns] o.a.s.u.UpdateLog Could not find max version in index or recent updates, using new clock 1534545605580292096
2016-05-17 03:45:31.401 INFO  (coreLoadExecutor-6-thread-1) [   x:pathwayRuns] o.a.s.u.UpdateLog Took 4.0ms to seed version buckets with highest version 1534545605580292096
2016-05-17 03:45:31.401 INFO  (coreLoadExecutor-6-thread-2) [   x:ORFDocs] o.a.s.u.UpdateLog Took 4.0ms to seed version buckets with highest version 1534545605580292096
2016-05-17 03:45:31.401 INFO  (coreLoadExecutor-6-thread-2) [   x:ORFDocs] o.a.s.c.CoreContainer registering core: ORFDocs
2016-05-17 03:45:31.401 INFO  (coreLoadExecutor-6-thread-1) [   x:pathwayRuns] o.a.s.c.CoreContainer registering core: pathwayRuns
2016-05-17 03:45:38.863 INFO  (qtp110456297-13) [   ] o.a.s.s.HttpSolrCall [admin] webapp=null path=/admin/cores params={indexInfo=false&wt=json&_=1463456738640} status=0 QTime=14
2016-05-17 03:45:38.890 INFO  (qtp110456297-16) [   x:pathwayRuns] o.a.s.c.S.Request [pathwayRuns]  webapp=/solr path=/admin/luke params={numTerms=0&show=index&wt=json&_=1463456738820} status=0 QTime=6
2016-05-17 03:45:38.895 INFO  (qtp110456297-15) [   ] o.a.s.s.HttpSolrCall [admin] webapp=null path=/admin/info/system params={wt=json&_=1463456738641} status=0 QTime=25
2016-05-17 03:45:38.918 INFO  (qtp110456297-22) [   x:pathwayRuns] o.a.s.c.S.Request [pathwayRuns]  webapp=/solr path=/replication params={wt=json&command=details&_=1463456738820} status=0 QTime=6
2016-05-17 03:45:38.946 INFO  (qtp110456297-20) [   x:pathwayRuns] o.a.s.c.S.Request [pathwayRuns]  webapp=/solr path=/admin/system params={wt=json&_=1463456738820} status=0 QTime=22
2016-05-17 03:45:38.955 INFO  (qtp110456297-39) [   x:pathwayRuns] o.a.s.c.S.Request [pathwayRuns]  webapp=/solr path=/admin/ping params={action=status&wt=json&_=1463456738641&ts=1463456738641} status=503 QTime=6
